<?xml version="1.0" encoding="UTF-8"?>
<testng-results total="1" passed="0" failed="1" skipped="0">
  <reporter-output>
  </reporter-output>
  <suite started-at="2025-03-17T18:13:40Z" name="Default suite" finished-at="2025-03-17T18:15:13Z" duration-ms="92699">
    <groups>
    </groups>
    <test started-at="2025-03-17T18:13:40Z" name="Default test" finished-at="2025-03-17T18:15:13Z" duration-ms="92699">
      <class name="TestExecute.Osprey_EMEA.regressionTestcase.TEST_DGLD_OS_COMMON_059_Contactus_form">
        <test-method is-config="true" signature="startTest()[pri:0, instance:TestExecute.Osprey_EMEA.regressionTestcase.TEST_DGLD_OS_COMMON_059_Contactus_form@2c42b421]" started-at="2025-03-17T23:43:40Z" name="startTest" finished-at="2025-03-17T23:43:59Z" duration-ms="18893" status="PASS">
          <reporter-output>
          </reporter-output>
        </test-method> <!-- startTest -->
        <test-method signature="Verifying_Contactus_form()[pri:0, instance:TestExecute.Osprey_EMEA.regressionTestcase.TEST_DGLD_OS_COMMON_059_Contactus_form@2c42b421]" started-at="2025-03-17T23:43:59Z" name="Verifying_Contactus_form" finished-at="2025-03-17T23:45:13Z" duration-ms="73790" status="FAIL">
          <exception class="java.lang.AssertionError">
            <message>
              <![CDATA[null]]>
            </message>
            <full-stacktrace>
              <![CDATA[java.lang.AssertionError: null
	at org.testng.Assert.fail(Assert.java:94)
	at org.testng.Assert.fail(Assert.java:101)
	at TestComponent.Osprey_EMEA.OspreyEMEA_HYVA.contactUsPage(OspreyEMEA_HYVA.java:13456)
	at TestExecute.Osprey_EMEA.regressionTestcase.TEST_DGLD_OS_COMMON_059_Contactus_form.Verifying_Contactus_form(TEST_DGLD_OS_COMMON_059_Contactus_form.java:23)
	at java.base/jdk.internal.reflect.NativeMethodAccessorImpl.invoke0(Native Method)
	at java.base/jdk.internal.reflect.NativeMethodAccessorImpl.invoke(NativeMethodAccessorImpl.java:78)
	at java.base/jdk.internal.reflect.DelegatingMethodAccessorImpl.invoke(DelegatingMethodAccessorImpl.java:43)
	at java.base/java.lang.reflect.Method.invoke(Method.java:567)
	at org.testng.internal.MethodInvocationHelper.invokeMethod(MethodInvocationHelper.java:80)
	at org.testng.internal.Invoker.invokeMethod(Invoker.java:714)
	at org.testng.internal.Invoker.invokeTestMethod(Invoker.java:901)
	at org.testng.internal.Invoker.invokeTestMethods(Invoker.java:1231)
	at org.testng.internal.TestMethodWorker.invokeTestMethods(TestMethodWorker.java:127)
	at org.testng.internal.TestMethodWorker.run(TestMethodWorker.java:111)
	at org.testng.TestRunner.privateRun(TestRunner.java:767)
	at org.testng.TestRunner.run(TestRunner.java:617)
	at org.testng.SuiteRunner.runTest(SuiteRunner.java:334)
	at org.testng.SuiteRunner.runSequentially(SuiteRunner.java:329)
	at org.testng.SuiteRunner.privateRun(SuiteRunner.java:291)
	at org.testng.SuiteRunner.run(SuiteRunner.java:240)
	at org.testng.SuiteRunnerWorker.runSuite(SuiteRunnerWorker.java:52)
	at org.testng.SuiteRunnerWorker.run(SuiteRunnerWorker.java:86)
	at org.testng.TestNG.runSuitesSequentially(TestNG.java:1198)
	at org.testng.TestNG.runSuitesLocally(TestNG.java:1123)
	at org.testng.TestNG.run(TestNG.java:1031)
	at org.testng.remote.AbstractRemoteTestNG.run(AbstractRemoteTestNG.java:115)
	at org.testng.remote.RemoteTestNG.initAndRun(RemoteTestNG.java:293)
	at org.testng.remote.RemoteTestNG.main(RemoteTestNG.java:91)
]]>
            </full-stacktrace>
          </exception> <!-- java.lang.AssertionError -->
          <reporter-output>
          </reporter-output>
        </test-method> <!-- Verifying_Contactus_form -->
        <test-method is-config="true" signature="clearBrowser()[pri:0, instance:TestExecute.Osprey_EMEA.regressionTestcase.TEST_DGLD_OS_COMMON_059_Contactus_form@2c42b421]" started-at="2025-03-17T23:45:13Z" name="clearBrowser" finished-at="2025-03-17T23:45:13Z" duration-ms="0" status="PASS">
          <reporter-output>
          </reporter-output>
        </test-method> <!-- clearBrowser -->
      </class> <!-- TestExecute.Osprey_EMEA.regressionTestcase.TEST_DGLD_OS_COMMON_059_Contactus_form -->
    </test> <!-- Default test -->
  </suite> <!-- Default suite -->
</testng-results>
