<?xml version="1.0" encoding="UTF-8"?>
<!-- Generated by org.testng.reporters.JUnitReportReporter -->
<testsuite hostname="LAPTOP-V91JCEAG" failures="0" tests="1" name="TestExecute.Drybar_US.regressionTestcase.TEST_DGLD_DB_US_ST_195_RegUser_Simple_AerosolBundle_Configurable_AerosolProduct_NonAerosolBundle_Checkout_Discount_GiftCode_FullRedeem" time="383.825" errors="1" timestamp="22 Mar 2025 10:41:58 GMT">
  <testcase classname="TestExecute.Drybar_US.regressionTestcase.TEST_DGLD_DB_US_ST_195_RegUser_Simple_AerosolBundle_Configurable_AerosolProduct_NonAerosolBundle_Checkout_Discount_GiftCode_FullRedeem" name="Validate_RegUser_Simple_AerosolBundle_Configurable_AerosolProduct_NonAerosolBundle_Checkout_Discount_GiftCode_FullRedeem" time="383.825">
    <error message="null" type="java.lang.AssertionError">
      <![CDATA[java.lang.AssertionError: null
	at org.testng.Assert.fail(Assert.java:94)
	at org.testng.Assert.fail(Assert.java:101)
	at TestComponent.Drybar_US.GoldDrybarusHelper2.discountCode(GoldDrybarusHelper2.java:5335)
	at TestExecute.Drybar_US.regressionTestcase.TEST_DGLD_DB_US_ST_195_RegUser_Simple_AerosolBundle_Configurable_AerosolProduct_NonAerosolBundle_Checkout_Discount_GiftCode_FullRedeem.Validate_RegUser_Simple_AerosolBundle_Configurable_AerosolProduct_NonAerosolBundle_Checkout_Discount_GiftCode_FullRedeem(TEST_DGLD_DB_US_ST_195_RegUser_Simple_AerosolBundle_Configurable_AerosolProduct_NonAerosolBundle_Checkout_Discount_GiftCode_FullRedeem.java:39)
	at java.base/jdk.internal.reflect.DirectMethodHandleAccessor.invoke(DirectMethodHandleAccessor.java:103)
	at java.base/java.lang.reflect.Method.invoke(Method.java:580)
	at org.testng.internal.MethodInvocationHelper.invokeMethod(MethodInvocationHelper.java:80)
	at org.testng.internal.Invoker.invokeMethod(Invoker.java:714)
	at org.testng.internal.Invoker.invokeTestMethod(Invoker.java:901)
	at org.testng.internal.Invoker.invokeTestMethods(Invoker.java:1231)
	at org.testng.internal.TestMethodWorker.invokeTestMethods(TestMethodWorker.java:127)
	at org.testng.internal.TestMethodWorker.run(TestMethodWorker.java:111)
	at org.testng.TestRunner.privateRun(TestRunner.java:767)
	at org.testng.TestRunner.run(TestRunner.java:617)
	at org.testng.SuiteRunner.runTest(SuiteRunner.java:334)
	at org.testng.SuiteRunner.runSequentially(SuiteRunner.java:329)
	at org.testng.SuiteRunner.privateRun(SuiteRunner.java:291)
	at org.testng.SuiteRunner.run(SuiteRunner.java:240)
	at org.testng.SuiteRunnerWorker.runSuite(SuiteRunnerWorker.java:52)
	at org.testng.SuiteRunnerWorker.run(SuiteRunnerWorker.java:86)
	at org.testng.TestNG.runSuitesSequentially(TestNG.java:1198)
	at org.testng.TestNG.runSuitesLocally(TestNG.java:1123)
	at org.testng.TestNG.run(TestNG.java:1031)
	at org.testng.remote.AbstractRemoteTestNG.run(AbstractRemoteTestNG.java:115)
	at org.testng.remote.RemoteTestNG.initAndRun(RemoteTestNG.java:293)
	at org.testng.remote.RemoteTestNG.main(RemoteTestNG.java:91)
]]>
    </error>
  </testcase> <!-- Validate_RegUser_Simple_AerosolBundle_Configurable_AerosolProduct_NonAerosolBundle_Checkout_Discount_GiftCode_FullRedeem -->
</testsuite> <!-- TestExecute.Drybar_US.regressionTestcase.TEST_DGLD_DB_US_ST_195_RegUser_Simple_AerosolBundle_Configurable_AerosolProduct_NonAerosolBundle_Checkout_Discount_GiftCode_FullRedeem -->
